Added Component: Designator=C1(Cap-Disk-D5.5-R2.54)
Added Component: Designator=C2(Cap-Disk-D5.5-R2.54)
Added Component: Designator=C3(CAPAE250P680X1220_VERT)
Added Component: Designator=C4(CAPAE250P680X1220_VERT)
Added Component: Designator=C5(Cap-Disk-D5.5-R2.54)
Added Component: Designator=C6(CAPAE250P680X1220_VERT)
Added Component: Designator=C7(Cap-Disk-D5.5-R2.54)
Added Component: Designator=C8(Cap-Disk-D5.5-R2.54)
Added Component: Designator=C9(CAPAE250P680X1220_VERT)
Added Component: Designator=C10(CAPAE250P680X1220_VERT)
Added Component: Designator=C11(Cap-Disk-D5.5-R2.54)
Added Component: Designator=C12(Cap-Disk-D5.5-R2.54)
Added Component: Designator=C13(Cap-Disk-D5.5-R2.54)
Added Component: Designator=C14(CAPAE250P680X1220_VERT)
Added Component: Designator=C15(Cap-Disk-D5.5-R2.54)
Added Component: Designator=C16(Cap-Disk-D5.5-R2.54)
Added Component: Designator=C17(Cap-Disk-D5.5-R2.54)
Added Component: Designator=C18(Cap-Disk-D5.5-R2.54)
Added Component: Designator=C19(R1206-1%)
Added Component: Designator=C20(Cap-Disk-D5.5-R2.54)
Added Component: Designator=C21(Cap-Disk-D5.5-R2.54)
Added Component: Designator=H3(HDR_1X2X276)
Added Component: Designator=J1(Phone-Jack Stereo SW 6.3mm)
Added Component: Designator=J2(Phone-Jack Stereo SW 6.3mm)
Added Component: Designator=L1(Dr-CW8A)
Added Component: Designator=L2(Dr-CW8A)
Added Component: Designator=L3(Dr-CW8A)
Added Component: Designator=L4(Dr-CW8A)
Added Component: Designator=P1(HDR1X5_2.54MMP)
Added Component: Designator=P2(HDR1X9)
Added Component: Designator=P3(HDR1X8)
Added Component: Designator=R1(R0.25-300)
Added Component: Designator=R2(R0.25-300)
Added Component: Designator=R3(R0.25-300)
Added Component: Designator=R4(R0.25-300)
Added Component: Designator=R5(R0.25-300)
Added Component: Designator=R6(R0.25-300)
Added Component: Designator=R7(R0.25-300)
Added Component: Designator=R8(R0.25-300)
Added Component: Designator=R9(R0.25-300)
Added Component: Designator=R10(R0.25-300)
Added Component: Designator=R11(R0.25-300)
Added Component: Designator=R12(R0.25-300)
Added Component: Designator=R13(R0.25-300)
Added Component: Designator=R14(R0.25-300)
Added Component: Designator=R15(R0.25-300)
Added Component: Designator=R16(R0.25-300)
Added Component: Designator=R17(R0.25-300)
Added Component: Designator=R18(R0.25-300)
Added Component: Designator=R19(R0.25-300)
Added Component: Designator=R20(R0.25-300)
Added Component: Designator=R21(R0.25-300)
Added Component: Designator=R22(R0.25-300)
Added Component: Designator=R23(R0.25-300)
Added Component: Designator=R24(R0.25-300)
Added Component: Designator=R25(R0.25-300)
Added Component: Designator=R26(R0.25-300)
Added Component: Designator=R27(R0.25-300)
Added Component: Designator=R28(R0.25-300)
Added Component: Designator=R29(R0.25-300)
Added Component: Designator=R30(R0.25-300)
Added Component: Designator=U1(DIL8-300a)
Added Component: Designator=U2(DIP28-300)
Added Component: Designator=U3(DIL8-300a)
Added Component: Designator=U4(TO220-RB-650)
Added Pin To Net: NetName=AGND Pin=C1-1
Added Pin To Net: NetName=VCC ANA Pin=C1-2
Added Pin To Net: NetName=GND Pin=C2-1
Added Pin To Net: NetName=VCC DIGI Pin=C2-2
Added Pin To Net: NetName=OUT1 Pin=C3-1
Added Pin To Net: NetName=NetC3_2 Pin=C3-2
Added Pin To Net: NetName=NetC4_1 Pin=C4-1
Added Pin To Net: NetName=AGND Pin=C4-2
Added Pin To Net: NetName=AGND Pin=C5-1
Added Pin To Net: NetName=VCC ANA Pin=C5-2
Added Pin To Net: NetName=AUDIO IN LEFT Pin=C6-1
Added Pin To Net: NetName=NetC6_2 Pin=C6-2
Added Pin To Net: NetName=AGND Pin=C7-1
Added Pin To Net: NetName=NetC7_2 Pin=C7-2
Added Pin To Net: NetName=AGND Pin=C8-1
Added Pin To Net: NetName=LEFT BUFFER Pin=C8-2
Added Pin To Net: NetName=OUT2 Pin=C9-1
Added Pin To Net: NetName=NetC9_2 Pin=C9-2
Added Pin To Net: NetName=AGND Pin=C10-1
Added Pin To Net: NetName=NetC10_2 Pin=C10-2
Added Pin To Net: NetName=AGND Pin=C11-1
Added Pin To Net: NetName=NetC11_2 Pin=C11-2
Added Pin To Net: NetName=AGND Pin=C12-1
Added Pin To Net: NetName=RIGHT BUFFER Pin=C12-2
Added Pin To Net: NetName=GND Pin=C13-1
Added Pin To Net: NetName=NetC13_2 Pin=C13-2
Added Pin To Net: NetName=AUDIO IN RIGHT Pin=C14-1
Added Pin To Net: NetName=NetC14_2 Pin=C14-2
Added Pin To Net: NetName=GND Pin=C15-1
Added Pin To Net: NetName=BUT1 Pin=C15-2
Added Pin To Net: NetName=GND Pin=C16-1
Added Pin To Net: NetName=BUT2 Pin=C16-2
Added Pin To Net: NetName=GND Pin=C17-1
Added Pin To Net: NetName=BUT3 Pin=C17-2
Added Pin To Net: NetName=GND Pin=C18-1
Added Pin To Net: NetName=BUT4 Pin=C18-2
Added Pin To Net: NetName=VCC DIGI Pin=C19-1
Added Pin To Net: NetName=GND Pin=C19-2
Added Pin To Net: NetName=GND Pin=C20-1
Added Pin To Net: NetName=VCC Pin=C20-2
Added Pin To Net: NetName=GND Pin=C21-1
Added Pin To Net: NetName=VCC DIGI Pin=C21-2
Added Pin To Net: NetName=VCC Pin=H3-1
Added Pin To Net: NetName=GND Pin=H3-2
Added Pin To Net: NetName=AUDIO IN LEFT Pin=J1-1
Added Pin To Net: NetName=AUDIO IN RIGHT Pin=J1-2
Added Pin To Net: NetName=AGND Pin=J1-3
Added Pin To Net: NetName=AGND Pin=J1-4
Added Pin To Net: NetName=OUT2 Pin=J2-1
Added Pin To Net: NetName=OUT1 Pin=J2-2
Added Pin To Net: NetName=AGND Pin=J2-3
Added Pin To Net: NetName=AGND Pin=J2-4
Added Pin To Net: NetName=VCC ANA Pin=L1-1
Added Pin To Net: NetName=VCC DIGI Pin=L1-2
Added Pin To Net: NetName=NetC7_2 Pin=L2-1
Added Pin To Net: NetName=LEFT BUFFER Pin=L2-2
Added Pin To Net: NetName=NetC11_2 Pin=L3-1
Added Pin To Net: NetName=RIGHT BUFFER Pin=L3-2
Added Pin To Net: NetName=AGND Pin=L4-1
Added Pin To Net: NetName=GND Pin=L4-2
Added Pin To Net: NetName=MCLR Pin=P1-1
Added Pin To Net: NetName=PGED Pin=P1-2
Added Pin To Net: NetName=PGEC Pin=P1-3
Added Pin To Net: NetName=VCC DIGI Pin=P1-4
Added Pin To Net: NetName=GND Pin=P1-5
Added Pin To Net: NetName=RX Pin=P2-1
Added Pin To Net: NetName=TX Pin=P2-2
Added Pin To Net: NetName=GND Pin=P2-3
Added Pin To Net: NetName=VCC Pin=P2-4
Added Pin To Net: NetName=BUT1 Pin=P2-5
Added Pin To Net: NetName=BUT2 Pin=P2-6
Added Pin To Net: NetName=BUT3 Pin=P2-7
Added Pin To Net: NetName=BUT4 Pin=P2-8
Added Pin To Net: NetName=VCC DIGI Pin=P2-9
Added Pin To Net: NetName=NetP3_1 Pin=P3-1
Added Pin To Net: NetName=NetP3_2 Pin=P3-2
Added Pin To Net: NetName=NetP3_3 Pin=P3-3
Added Pin To Net: NetName=NetP3_4 Pin=P3-4
Added Pin To Net: NetName=NetP3_5 Pin=P3-5
Added Pin To Net: NetName=GND Pin=P3-6
Added Pin To Net: NetName=NetP3_7 Pin=P3-7
Added Pin To Net: NetName=NetP3_8 Pin=P3-8
Added Pin To Net: NetName=MCLR Pin=R1-1
Added Pin To Net: NetName=VCC DIGI Pin=R1-2
Added Pin To Net: NetName=NetC4_1 Pin=R2-1
Added Pin To Net: NetName=NetR2_2 Pin=R2-2
Added Pin To Net: NetName=NetC3_2 Pin=R3-1
Added Pin To Net: NetName=AGND Pin=R3-2
Added Pin To Net: NetName=NetR2_2 Pin=R4-1
Added Pin To Net: NetName=DAC2B Pin=R4-2
Added Pin To Net: NetName=NetC3_2 Pin=R5-1
Added Pin To Net: NetName=NetR5_2 Pin=R5-2
Added Pin To Net: NetName=NetR5_2 Pin=R6-1
Added Pin To Net: NetName=DAC2A Pin=R6-2
Added Pin To Net: NetName=NetR7_1 Pin=R7-1
Added Pin To Net: NetName=NetC7_2 Pin=R7-2
Added Pin To Net: NetName=NetC4_1 Pin=R8-1
Added Pin To Net: NetName=AGND Pin=R8-2
Added Pin To Net: NetName=VCC ANA Pin=R9-1
Added Pin To Net: NetName=NetC4_1 Pin=R9-2
Added Pin To Net: NetName=NetC6_2 Pin=R10-1
Added Pin To Net: NetName=NetC10_2 Pin=R10-2
Added Pin To Net: NetName=VCC ANA Pin=R11-1
Added Pin To Net: NetName=NetC10_2 Pin=R11-2
Added Pin To Net: NetName=NetC4_1 Pin=R12-1
Added Pin To Net: NetName=NetR12_2 Pin=R12-2
Added Pin To Net: NetName=DAC1B Pin=R13-1
Added Pin To Net: NetName=NetR12_2 Pin=R13-2
Added Pin To Net: NetName=NetC10_2 Pin=R14-1
Added Pin To Net: NetName=AGND Pin=R14-2
Added Pin To Net: NetName=DAC1A Pin=R15-1
Added Pin To Net: NetName=NetR15_2 Pin=R15-2
Added Pin To Net: NetName=NetR16_1 Pin=R16-1
Added Pin To Net: NetName=NetC11_2 Pin=R16-2
Added Pin To Net: NetName=NetC10_2 Pin=R17-1
Added Pin To Net: NetName=NetC14_2 Pin=R17-2
Added Pin To Net: NetName=NetC9_2 Pin=R18-1
Added Pin To Net: NetName=AGND Pin=R18-2
Added Pin To Net: NetName=NetC9_2 Pin=R19-1
Added Pin To Net: NetName=NetR15_2 Pin=R19-2
Added Pin To Net: NetName=D7 Pin=R20-1
Added Pin To Net: NetName=NetP3_8 Pin=R20-2
Added Pin To Net: NetName=D6 Pin=R21-1
Added Pin To Net: NetName=NetP3_7 Pin=R21-2
Added Pin To Net: NetName=D5 Pin=R22-1
Added Pin To Net: NetName=NetP3_5 Pin=R22-2
Added Pin To Net: NetName=D4 Pin=R23-1
Added Pin To Net: NetName=NetP3_4 Pin=R23-2
Added Pin To Net: NetName=D3 Pin=R24-1
Added Pin To Net: NetName=NetP3_3 Pin=R24-2
Added Pin To Net: NetName=D2 Pin=R25-1
Added Pin To Net: NetName=NetP3_2 Pin=R25-2
Added Pin To Net: NetName=D1 Pin=R26-1
Added Pin To Net: NetName=NetP3_1 Pin=R26-2
Added Pin To Net: NetName=BUT1 Pin=R27-1
Added Pin To Net: NetName=VCC DIGI Pin=R27-2
Added Pin To Net: NetName=BUT2 Pin=R28-1
Added Pin To Net: NetName=VCC DIGI Pin=R28-2
Added Pin To Net: NetName=BUT3 Pin=R29-1
Added Pin To Net: NetName=VCC DIGI Pin=R29-2
Added Pin To Net: NetName=BUT4 Pin=R30-1
Added Pin To Net: NetName=VCC DIGI Pin=R30-2
Added Pin To Net: NetName=NetR7_1 Pin=U1-1
Added Pin To Net: NetName=NetR7_1 Pin=U1-2
Added Pin To Net: NetName=NetC6_2 Pin=U1-3
Added Pin To Net: NetName=AGND Pin=U1-4
Added Pin To Net: NetName=NetC14_2 Pin=U1-5
Added Pin To Net: NetName=NetR16_1 Pin=U1-6
Added Pin To Net: NetName=NetR16_1 Pin=U1-7
Added Pin To Net: NetName=VCC ANA Pin=U1-8
Added Pin To Net: NetName=MCLR Pin=U2-1
Added Pin To Net: NetName=LEFT BUFFER Pin=U2-2
Added Pin To Net: NetName=RIGHT BUFFER Pin=U2-3
Added Pin To Net: NetName=PGED Pin=U2-4
Added Pin To Net: NetName=PGEC Pin=U2-5
Added Pin To Net: NetName=RX Pin=U2-6
Added Pin To Net: NetName=TX Pin=U2-7
Added Pin To Net: NetName=GND Pin=U2-8
Added Pin To Net: NetName=BUT1 Pin=U2-9
Added Pin To Net: NetName=BUT2 Pin=U2-10
Added Pin To Net: NetName=BUT3 Pin=U2-11
Added Pin To Net: NetName=BUT4 Pin=U2-12
Added Pin To Net: NetName=VCC DIGI Pin=U2-13
Added Pin To Net: NetName=D1 Pin=U2-14
Added Pin To Net: NetName=D2 Pin=U2-15
Added Pin To Net: NetName=D3 Pin=U2-16
Added Pin To Net: NetName=D4 Pin=U2-17
Added Pin To Net: NetName=D5 Pin=U2-18
Added Pin To Net: NetName=GND Pin=U2-19
Added Pin To Net: NetName=NetC13_2 Pin=U2-20
Added Pin To Net: NetName=D6 Pin=U2-21
Added Pin To Net: NetName=D7 Pin=U2-22
Added Pin To Net: NetName=DAC1A Pin=U2-23
Added Pin To Net: NetName=DAC1B Pin=U2-24
Added Pin To Net: NetName=DAC2A Pin=U2-25
Added Pin To Net: NetName=DAC2B Pin=U2-26
Added Pin To Net: NetName=AGND Pin=U2-27
Added Pin To Net: NetName=VCC ANA Pin=U2-28
Added Pin To Net: NetName=NetC3_2 Pin=U3-1
Added Pin To Net: NetName=NetR5_2 Pin=U3-2
Added Pin To Net: NetName=NetR2_2 Pin=U3-3
Added Pin To Net: NetName=AGND Pin=U3-4
Added Pin To Net: NetName=NetR12_2 Pin=U3-5
Added Pin To Net: NetName=NetR15_2 Pin=U3-6
Added Pin To Net: NetName=NetC9_2 Pin=U3-7
Added Pin To Net: NetName=VCC ANA Pin=U3-8
Added Pin To Net: NetName=GND Pin=U4-1
Added Pin To Net: NetName=VCC DIGI Pin=U4-2
Added Pin To Net: NetName=VCC Pin=U4-3
Added Member To Class: ClassName=pedala Member=Component C1 100n
Added Member To Class: ClassName=pedala Member=Component C2 100n
Added Member To Class: ClassName=pedala Member=Component C3 10
Added Member To Class: ClassName=pedala Member=Component C4 10
Added Member To Class: ClassName=pedala Member=Component C5 100n
Added Member To Class: ClassName=pedala Member=Component C6 10
Added Member To Class: ClassName=pedala Member=Component C7 100n
Added Member To Class: ClassName=pedala Member=Component C8 100n
Added Member To Class: ClassName=pedala Member=Component C9 10
Added Member To Class: ClassName=pedala Member=Component C10 10
Added Member To Class: ClassName=pedala Member=Component C11 100n
Added Member To Class: ClassName=pedala Member=Component C12 100n
Added Member To Class: ClassName=pedala Member=Component C13 100n
Added Member To Class: ClassName=pedala Member=Component C14 10
Added Member To Class: ClassName=pedala Member=Component C15 100n
Added Member To Class: ClassName=pedala Member=Component C16 100n
Added Member To Class: ClassName=pedala Member=Component C17 100n
Added Member To Class: ClassName=pedala Member=Component C18 100n
Added Member To Class: ClassName=pedala Member=Component C19 10
Added Member To Class: ClassName=pedala Member=Component C20 100n
Added Member To Class: ClassName=pedala Member=Component C21 100n
Added Member To Class: ClassName=pedala Member=Component H3 BATTERY
Added Member To Class: ClassName=pedala Member=Component J1 Phone-Jack 6.3mm Stereo SW
Added Member To Class: ClassName=pedala Member=Component J2 Phone-Jack 6.3mm Stereo SW
Added Member To Class: ClassName=pedala Member=Component L1 INDC_180u_Toroid
Added Member To Class: ClassName=pedala Member=Component L2 INDC_180u_Toroid
Added Member To Class: ClassName=pedala Member=Component L3 INDC_180u_Toroid
Added Member To Class: ClassName=pedala Member=Component L4 INDC_180u_Toroid
Added Member To Class: ClassName=pedala Member=Component P1 Programmer
Added Member To Class: ClassName=pedala Member=Component P2 Header 9
Added Member To Class: ClassName=pedala Member=Component P3 Header 8
Added Member To Class: ClassName=pedala Member=Component R1 Thick Film
Added Member To Class: ClassName=pedala Member=Component R2 Thick Film
Added Member To Class: ClassName=pedala Member=Component R3 Thick Film
Added Member To Class: ClassName=pedala Member=Component R4 Thick Film
Added Member To Class: ClassName=pedala Member=Component R5 Thick Film
Added Member To Class: ClassName=pedala Member=Component R6 Thick Film
Added Member To Class: ClassName=pedala Member=Component R7 Thick Film
Added Member To Class: ClassName=pedala Member=Component R8 Thick Film
Added Member To Class: ClassName=pedala Member=Component R9 Thick Film
Added Member To Class: ClassName=pedala Member=Component R10 Thick Film
Added Member To Class: ClassName=pedala Member=Component R11 Thick Film
Added Member To Class: ClassName=pedala Member=Component R12 Thick Film
Added Member To Class: ClassName=pedala Member=Component R13 Thick Film
Added Member To Class: ClassName=pedala Member=Component R14 Thick Film
Added Member To Class: ClassName=pedala Member=Component R15 Thick Film
Added Member To Class: ClassName=pedala Member=Component R16 Thick Film
Added Member To Class: ClassName=pedala Member=Component R17 Thick Film
Added Member To Class: ClassName=pedala Member=Component R18 Thick Film
Added Member To Class: ClassName=pedala Member=Component R19 Thick Film
Added Member To Class: ClassName=pedala Member=Component R20 Thick Film
Added Member To Class: ClassName=pedala Member=Component R21 Thick Film
Added Member To Class: ClassName=pedala Member=Component R22 Thick Film
Added Member To Class: ClassName=pedala Member=Component R23 Thick Film
Added Member To Class: ClassName=pedala Member=Component R24 Thick Film
Added Member To Class: ClassName=pedala Member=Component R25 Thick Film
Added Member To Class: ClassName=pedala Member=Component R26 Thick Film
Added Member To Class: ClassName=pedala Member=Component R27 Thick Film
Added Member To Class: ClassName=pedala Member=Component R28 Thick Film
Added Member To Class: ClassName=pedala Member=Component R29 Thick Film
Added Member To Class: ClassName=pedala Member=Component R30 Thick Film
Added Member To Class: ClassName=pedala Member=Component U1 OPA2350
Added Member To Class: ClassName=pedala Member=Component U2 DSPIC33FJ128GP802-I/SP
Added Member To Class: ClassName=pedala Member=Component U3 OPA2350
Added Member To Class: ClassName=pedala Member=Component U4 LM117 3v3
Added Room: Name=pedala
