Removed Pin From Net: NetName=RX Pin=P2-1
Removed Pin From Net: NetName=TX Pin=P2-2
Removed Pin From Net: NetName=GND Pin=P2-3
Removed Pin From Net: NetName=VCC Pin=P2-4
Removed Pin From Net: NetName=BUT1 Pin=P2-5
Removed Pin From Net: NetName=BUT2 Pin=P2-6
Removed Pin From Net: NetName=BUT3 Pin=P2-7
Removed Pin From Net: NetName=BUT4 Pin=P2-8
Removed Pin From Net: NetName=VCC DIGI Pin=P2-9
Removed Pin From Net: NetName=NetC3_2 Pin=U1-1
Removed Pin From Net: NetName=NetR5_2 Pin=U1-2
Removed Pin From Net: NetName=NetR2_2 Pin=U1-3
Removed Pin From Net: NetName=AGND Pin=U1-4
Removed Pin From Net: NetName=NetC14_2 Pin=U1-5
Removed Pin From Net: NetName=NetR16_1 Pin=U1-6
Removed Pin From Net: NetName=NetR16_1 Pin=U1-7
Removed Pin From Net: NetName=VCC ANA Pin=U1-8
Removed Pin From Net: NetName=MCLR Pin=U2-1
Removed Pin From Net: NetName=LEFT BUFFER Pin=U2-2
Removed Pin From Net: NetName=RIGHT BUFFER Pin=U2-3
Removed Pin From Net: NetName=PGED Pin=U2-4
Removed Pin From Net: NetName=PGEC Pin=U2-5
Removed Pin From Net: NetName=RX Pin=U2-6
Removed Pin From Net: NetName=TX Pin=U2-7
Removed Pin From Net: NetName=GND Pin=U2-8
Removed Pin From Net: NetName=BUT1 Pin=U2-9
Removed Pin From Net: NetName=BUT2 Pin=U2-10
Removed Pin From Net: NetName=BUT3 Pin=U2-11
Removed Pin From Net: NetName=BUT4 Pin=U2-12
Removed Pin From Net: NetName=VCC DIGI Pin=U2-13
Removed Pin From Net: NetName=D1 Pin=U2-14
Removed Pin From Net: NetName=D2 Pin=U2-15
Removed Pin From Net: NetName=D3 Pin=U2-16
Removed Pin From Net: NetName=D4 Pin=U2-17
Removed Pin From Net: NetName=D5 Pin=U2-18
Removed Pin From Net: NetName=GND Pin=U2-19
Removed Pin From Net: NetName=NetC13_2 Pin=U2-20
Removed Pin From Net: NetName=D6 Pin=U2-21
Removed Pin From Net: NetName=D7 Pin=U2-22
Removed Pin From Net: NetName=DAC1A Pin=U2-23
Removed Pin From Net: NetName=DAC1B Pin=U2-24
Removed Pin From Net: NetName=DAC2A Pin=U2-25
Removed Pin From Net: NetName=DAC2B Pin=U2-26
Removed Pin From Net: NetName=AGND Pin=U2-27
Removed Pin From Net: NetName=VCC ANA Pin=U2-28
Removed Member From Class: ClassName=pedala Member=C20
Removed Member From Class: ClassName=pedala Member=L4
Removed Member From Class: ClassName=pedala Member=R27
Removed Member From Class: ClassName=pedala Member=R30
Change Component DesignItemId : Designator=U2 Old DesignItemId=DSPIC33FJ128GP802-I/SP New DesignItemId=OPA2313ID
Change Component DesignItemId : Designator=U1 Old DesignItemId=OPA2313ID New DesignItemId=DSPIC33FJ128GP802-I/SP
Change Component Comment : Designator=U2 Old Comment=DSPIC33FJ128GP802-I/SP New Comment=OPA2350
Change Component Comment : Designator=U1 Old Comment=OPA2350 New Comment=DSPIC33FJ128GP802-I/SP
Change Component Designator: OldDesignator=C1 NewDesignator=C13
Change Component Designator: OldDesignator=C2 NewDesignator=C14
Change Component Designator: OldDesignator=C3 NewDesignator=C1
Change Component Designator: OldDesignator=C4 NewDesignator=C3
Change Component Designator: OldDesignator=C5 NewDesignator=C4
Change Component Designator: OldDesignator=C10 NewDesignator=C5
Change Component Designator: OldDesignator=C11 NewDesignator=C7
Change Component Designator: OldDesignator=C12 NewDesignator=C8
Change Component Designator: OldDesignator=C13 NewDesignator=C2
Change Component Designator: OldDesignator=C14 NewDesignator=C6
Change Component Designator: OldDesignator=C15 NewDesignator=C9
Change Component Designator: OldDesignator=C16 NewDesignator=C10
Change Component Designator: OldDesignator=C17 NewDesignator=C11
Change Component Designator: OldDesignator=C18 NewDesignator=C12
Change Component Designator: OldDesignator=C19 NewDesignator=C15
Change Component Designator: OldDesignator=C20 NewDesignator=C16
Change Component Designator: OldDesignator=C21 NewDesignator=C17
Change Component Designator: OldDesignator=H3 NewDesignator=H1
Change Component Designator: OldDesignator=L1 NewDesignator=L2
Change Component Designator: OldDesignator=L3 NewDesignator=L1
Change Component Designator: OldDesignator=L4 NewDesignator=L3
Change Component Designator: OldDesignator=P3 NewDesignator=P2
Change Component Designator: OldDesignator=R2 NewDesignator=R3
Change Component Designator: OldDesignator=R3 NewDesignator=R4
Change Component Designator: OldDesignator=R4 NewDesignator=R2
Change Component Designator: OldDesignator=R5 NewDesignator=R6
Change Component Designator: OldDesignator=R6 NewDesignator=R5
Change Component Designator: OldDesignator=R8 NewDesignator=R7
Change Component Designator: OldDesignator=R9 NewDesignator=R8
Change Component Designator: OldDesignator=R14 NewDesignator=R16
Change Component Designator: OldDesignator=R16 NewDesignator=R22
Change Component Designator: OldDesignator=R17 NewDesignator=R19
Change Component Designator: OldDesignator=R20 NewDesignator=R15
Change Component Designator: OldDesignator=R21 NewDesignator=R14
Change Component Designator: OldDesignator=R22 NewDesignator=R13
Change Component Designator: OldDesignator=R23 NewDesignator=R12
Change Component Designator: OldDesignator=R24 NewDesignator=R11
Change Component Designator: OldDesignator=R25 NewDesignator=R10
Change Component Designator: OldDesignator=R26 NewDesignator=R9
Change Component Designator: OldDesignator=R27 NewDesignator=R17
Change Component Designator: OldDesignator=R28 NewDesignator=R20
Change Component Designator: OldDesignator=R29 NewDesignator=R18
Change Component Designator: OldDesignator=R30 NewDesignator=R21
Change Component Designator: OldDesignator=U4 NewDesignator=U3
Change Component Description : Designator=U1 Old Description=1-MHz, Micropower, Low-Noise, Rail-to-Rail I/O Operational Amplifier, 1.8 to 5.5 V, -40 to 125 degC, 8-pin SOIC (D8), Green (RoHS & no Sb/Br) New Description=High-Performance 16-bit Digital Signal Controller, 128 KB Flash, 16 KB RAM, 28-Pin SPDIP, Industrial Temperature
Change Component Description : Designator=U2 Old Description=High-Performance 16-bit Digital Signal Controller, 128 KB Flash, 16 KB RAM, 28-Pin SPDIP, Industrial Temperature New Description=1-MHz, Micropower, Low-Noise, Rail-to-Rail I/O Operational Amplifier, 1.8 to 5.5 V, -40 to 125 degC, 8-pin SOIC (D8), Green (RoHS & no Sb/Br)
Added Component: Designator=P3(HDR1X9)
Added Pin To Net: NetName=RX Pin=P3-1
Added Pin To Net: NetName=TX Pin=P3-2
Added Pin To Net: NetName=GND Pin=P3-3
Added Pin To Net: NetName=VCC Pin=P3-4
Added Pin To Net: NetName=BUT1 Pin=P3-5
Added Pin To Net: NetName=BUT2 Pin=P3-6
Added Pin To Net: NetName=BUT3 Pin=P3-7
Added Pin To Net: NetName=BUT4 Pin=P3-8
Added Pin To Net: NetName=VCC DIGI Pin=P3-9
Added Pin To Net: NetName=MCLR Pin=U1-1
Added Pin To Net: NetName=LEFT BUFFER Pin=U1-2
Added Pin To Net: NetName=RIGHT BUFFER Pin=U1-3
Added Pin To Net: NetName=PGED Pin=U1-4
Added Pin To Net: NetName=PGEC Pin=U1-5
Added Pin To Net: NetName=RX Pin=U1-6
Added Pin To Net: NetName=TX Pin=U1-7
Added Pin To Net: NetName=GND Pin=U1-8
Added Pin To Net: NetName=NetC3_2 Pin=U2-1
Added Pin To Net: NetName=NetR5_2 Pin=U2-2
Added Pin To Net: NetName=NetR2_2 Pin=U2-3
Added Pin To Net: NetName=AGND Pin=U2-4
Added Pin To Net: NetName=NetC14_2 Pin=U2-5
Added Pin To Net: NetName=NetR16_1 Pin=U2-6
Added Pin To Net: NetName=NetR16_1 Pin=U2-7
Added Pin To Net: NetName=VCC ANA Pin=U2-8
Change Net Name : Old Net Name=NetC3_2 New Net Name=NetC1_2
Change Net Name : Old Net Name=NetC4_1 New Net Name=NetC3_1
Change Net Name : Old Net Name=NetC10_2 New Net Name=NetC5_2
Change Net Name : Old Net Name=NetC11_2 New Net Name=NetC7_2
Change Net Name : Old Net Name=NetC13_2 New Net Name=NetC2_2
Change Net Name : Old Net Name=NetC14_2 New Net Name=NetC6_2
Change Net Name : Old Net Name=NetP3_1 New Net Name=NetP2_1
Change Net Name : Old Net Name=NetP3_2 New Net Name=NetP2_2
Change Net Name : Old Net Name=NetP3_3 New Net Name=NetP2_3
Change Net Name : Old Net Name=NetP3_4 New Net Name=NetP2_4
Change Net Name : Old Net Name=NetP3_5 New Net Name=NetP2_5
Change Net Name : Old Net Name=NetP3_7 New Net Name=NetP2_7
Change Net Name : Old Net Name=NetP3_8 New Net Name=NetP2_8
Change Net Name : Old Net Name=NetR2_2 New Net Name=NetR2_1
Change Net Name : Old Net Name=NetR5_2 New Net Name=NetR5_1
Change Net Name : Old Net Name=NetR16_1 New Net Name=NetR22_1
Added Member To Class: ClassName=pedala Member=Component C14 100n
Added Member To Class: ClassName=pedala Member=Component L2 INDC_180u_Toroid
Added Member To Class: ClassName=pedala Member=Component R19 Thick Film
Added Member To Class: ClassName=pedala Member=Component R22 Thick Film
Added Room: Name=pedala
